\BOOKMARK [1][-]{section.1}{Introductie}{}% 1
\BOOKMARK [1][-]{section.2}{Voorgesteld systeem}{}% 2
\BOOKMARK [2][-]{subsection.2.1}{Overzicht}{section.2}% 3
\BOOKMARK [3][-]{subsubsection.2.1.1}{Front-end}{subsection.2.1}% 4
\BOOKMARK [3][-]{subsubsection.2.1.2}{Back-end}{subsection.2.1}% 5
\BOOKMARK [2][-]{subsection.2.2}{Functional requirements}{section.2}% 6
\BOOKMARK [3][-]{subsubsection.2.2.1}{Selectiecriteria}{subsection.2.2}% 7
\BOOKMARK [2][-]{subsection.2.3}{Nonfunctional requirements}{section.2}% 8
\BOOKMARK [2][-]{subsection.2.4}{Constraints \("Pseudo requirements"\)}{section.2}% 9
\BOOKMARK [2][-]{subsection.2.5}{Analysis models}{section.2}% 10
\BOOKMARK [1][-]{section.3}{Use case model}{}% 11
\BOOKMARK [2][-]{subsection.3.1}{Use case 1}{section.3}% 12
\BOOKMARK [2][-]{subsection.3.2}{Use case 2}{section.3}% 13
\BOOKMARK [2][-]{subsection.3.3}{Use case 3}{section.3}% 14
\BOOKMARK [2][-]{subsection.3.4}{Use case 4}{section.3}% 15
\BOOKMARK [2][-]{subsection.3.5}{Use case 5}{section.3}% 16
\BOOKMARK [1][-]{section.4}{Use case diagram}{}% 17
\BOOKMARK [2][-]{subsection.4.1}{Use case descriptions plus scenarios}{section.4}% 18
\BOOKMARK [2][-]{subsection.4.2}{Business object model}{section.4}% 19
\BOOKMARK [2][-]{subsection.4.3}{Dynamic models \(describe the main scenarios with sequence, state, or activity diagrams\)}{section.4}% 20
\BOOKMARK [3][-]{subsubsection.4.3.1}{Sequence diagram 1}{subsection.4.3}% 21
\BOOKMARK [3][-]{subsubsection.4.3.2}{Sequence diagram 2}{subsection.4.3}% 22
\BOOKMARK [3][-]{subsubsection.4.3.3}{Sequence diagram 3}{subsection.4.3}% 23
\BOOKMARK [2][-]{subsection.4.4}{User interface}{section.4}% 24
\BOOKMARK [3][-]{subsubsection.4.4.1}{Interface 1}{subsection.4.4}% 25
\BOOKMARK [3][-]{subsubsection.4.4.2}{Interface 2}{subsection.4.4}% 26
\BOOKMARK [1][-]{section.5}{Glossary}{}% 27
